13:24:07 - INF - <module> - ('Servicio Iniciado',)
13:24:07 - INF - <module> - ('Servicio Iniciado',)
13:27:35 - INF - post - ('Ejecutando servicio de Login',)
13:30:44 - INF - post - ('Ejecutando servicio de Login',)
13:31:52 - INF - <module> - ('Servicio Finalizado',)
13:31:53 - INF - <module> - ('Servicio Finalizado',)
13:32:24 - INF - <module> - ('Servicio Iniciado',)
13:32:25 - INF - <module> - ('Servicio Iniciado',)
13:33:50 - INF - <module> - ('Servicio Finalizado',)
13:33:50 - INF - <module> - ('Servicio Finalizado',)
13:33:52 - INF - <module> - ('Servicio Iniciado',)
13:33:52 - INF - <module> - ('Servicio Iniciado',)
13:34:25 - INF - get - ('Ejecutando servicio de Listar Usuario',)
13:38:50 - INF - <module> - ('Servicio Finalizado',)
13:38:51 - INF - <module> - ('Servicio Iniciado',)
13:38:53 - INF - <module> - ('Servicio Finalizado',)
13:38:53 - INF - <module> - ('Servicio Finalizado',)
13:38:55 - INF - <module> - ('Servicio Iniciado',)
13:38:55 - INF - <module> - ('Servicio Iniciado',)
13:39:11 - INF - get - ('Ejecutando servicio de Listar Usuario',)
13:41:40 - INF - post - ('Ejecutando servicio de Login',)
13:59:39 - INF - <module> - ('Servicio Finalizado',)
13:59:39 - INF - <module> - ('Servicio Finalizado',)
14:19:07 - INF - <module> - ('Servicio Iniciado',)
14:19:07 - INF - <module> - ('Servicio Iniciado',)
14:20:10 - INF - post - ('Ejecutando servicio de Login',)
14:20:13 - INF - token_generate - ('Token Generado -> eyJhbGciOiJIUzI1NiIsInR5cCI6IkpXVCJ9.eyJpYXQiOjE3NDk2Njk2MTMsImV4cCI6MTc0OTY3MDUxMywidXNlcm5hbWUiOiJhZG1pbiJ9.cV16pWIczqRmFpOK5cprsZxgoc0ooWCdPJV-ca8cr14',)
14:21:33 - INF - <module> - ('Servicio Finalizado',)
14:21:38 - INF - <module> - ('Servicio Iniciado',)
14:22:06 - INF - post - ('Ejecutando servicio de Login',)
14:22:07 - INF - token_generate - ('Token Generado -> eyJhbGciOiJIUzI1NiIsInR5cCI6IkpXVCJ9.eyJpYXQiOjE3NDk2Njk3MjcsImV4cCI6MTc0OTY3MDYyNywidXNlcm5hbWUiOiJhZG1pbiJ9.Dn_EbaNUNmVIihRO1DX7e1zs5ct77hakIP0jMwQ2pOo',)
14:24:52 - INF - <module> - ('Servicio Finalizado',)
14:24:53 - INF - <module> - ('Servicio Iniciado',)
14:25:57 - INF - <module> - ('Servicio Finalizado',)
14:25:58 - INF - <module> - ('Servicio Iniciado',)
14:26:09 - INF - <module> - ('Servicio Finalizado',)
14:26:11 - INF - <module> - ('Servicio Finalizado',)
14:29:37 - INF - <module> - ('Servicio Iniciado',)
14:29:40 - INF - <module> - ('Servicio Iniciado',)
14:30:11 - INF - get - ('Ejecutando servicio de Listar Usuario',)
14:30:45 - INF - post - ('Ejecutando servicio de Login',)
14:30:45 - INF - token_generate - ('Token Generado -> eyJhbGciOiJIUzI1NiIsInR5cCI6IkpXVCJ9.eyJpYXQiOjE3NDk2NzAyNDUsImV4cCI6MTc0OTY3MTE0NSwidXNlcm5hbWUiOiJhZG1pbiJ9.RmqhQVh217IkoXxtP8jijR6VTvhgemHpcNT7EQyhJIk',)
14:31:03 - INF - get - ('Ejecutando servicio de Listar Usuario',)
14:33:14 - INF - <module> - ('Servicio Finalizado',)
14:33:14 - INF - <module> - ('Servicio Finalizado',)
